<?xml version="1.0" encoding="UTF-8"?>
<testsuite name="br.com.primeup.example.dominio.ClienteTest" tests="1" skipped="0" failures="0" errors="0" timestamp="2015-08-07T14:26:23" hostname="SRV-SHOWCASE" time="0.007">
  <properties/>
  <testcase name="testConcatenate" classname="br.com.primeup.example.dominio.ClienteTest" time="0.007"/>
  <system-out><![CDATA[]]></system-out>
  <system-err><![CDATA[]]></system-err>
</testsuite>
