<?xml version="1.0" encoding="UTF-8"?>
<testsuite name="br.com.primeup.example.dominio.ClienteTest" tests="1" skipped="0" failures="0" errors="0" timestamp="2015-07-22T13:57:37" hostname="SRV-SHOWCASE" time="0.0">
  <properties/>
  <testcase name="testConcatenate" classname="br.com.primeup.example.dominio.ClienteTest" time="0.0"/>
  <system-out><![CDATA[]]></system-out>
  <system-err><![CDATA[]]></system-err>
</testsuite>
